This file contains any messages produced by compilers while
running configure, to aid debugging if configure makes a mistake.

It was created by epdfinfo configure 1.0, which was
generated by GNU Autoconf 2.69.  Invocation command line was

  $ ./configure -q --bindir=/home/petru/.emacs.d/elpa/pdf-tools-20220107.1241/

## --------- ##
## Platform. ##
## --------- ##

hostname = CI00081665
uname -m = x86_64
uname -r = 5.10.60.1-microsoft-standard-WSL2
uname -s = Linux
uname -v = #1 SMP Wed Aug 25 23:20:18 UTC 2021

/usr/bin/uname -p = x86_64
/bin/uname -X     = unknown

/bin/arch              = x86_64
/usr/bin/arch -k       = unknown
/usr/convex/getsysinfo = unknown
/usr/bin/hostinfo      = unknown
/bin/machine           = unknown
/usr/bin/oslevel       = unknown
/bin/universe          = unknown

PATH: /usr/local/sbin
PATH: /usr/local/bin
PATH: /usr/sbin
PATH: /usr/bin
PATH: /sbin
PATH: /bin
PATH: /usr/games
PATH: /usr/local/games
PATH: /usr/lib/wsl/lib
PATH: /mnt/c/Program Files/WindowsApps/CanonicalGroupLimited.Ubuntu20.04onWindows_2004.2021.825.0_x64__79rhkp1fndgsc
PATH: /mnt/c/Python310/Scripts/
PATH: /mnt/c/Python310/
PATH: /mnt/c/Program Files/Eclipse Foundation/jdk-8.0.302.8-hotspot/bin
PATH: /mnt/c/Program Files/Microsoft MPI/Bin/
PATH: /mnt/c/Program Files (x86)/Microsoft SDKs/Azure/CLI2/wbin
PATH: /mnt/c/Windows/system32
PATH: /mnt/c/Windows
PATH: /mnt/c/Windows/System32/Wbem
PATH: /mnt/c/Windows/System32/WindowsPowerShell/v1.0/
PATH: /mnt/c/Windows/System32/OpenSSH/
PATH: /mnt/c/Program Files/dotnet/
PATH: /mnt/c/Program Files/Microsoft SQL Server/130/Tools/Binn/
PATH: /mnt/c/Program Files/Microsoft SQL Server/Client SDK/ODBC/170/Tools/Binn/
PATH: /mnt/c/Program Files/LINQPad6
PATH: /mnt/c/Program Files/Docker/Docker/resources/bin
PATH: /mnt/c/ProgramData/DockerDesktop/version-bin
PATH: /mnt/c/Program Files (x86)/Microsoft SQL Server/150/Tools/Binn/
PATH: /mnt/c/Program Files/Microsoft SQL Server/150/Tools/Binn/
PATH: /mnt/c/Program Files/Microsoft SQL Server/150/DTS/Binn/
PATH: /mnt/c/Program Files (x86)/Microsoft SQL Server/150/DTS/Binn/
PATH: /mnt/c/Program Files/Azure Data Studio/bin
PATH: /mnt/c/ProgramData/chocolatey/bin
PATH: /mnt/c/Users/petru.rebeja@cegeka.com/AppData/Roaming/nvm
PATH: /mnt/c/Program Files/nodejs
PATH: /mnt/c/Program Files/Git/cmd
PATH: /mnt/c/Program Files (x86)/dotnet/
PATH: /mnt/c/Users/petru.rebeja@cegeka.com/AppData/Local/Microsoft/WindowsApps
PATH: /mnt/c/Users/petru.rebeja@cegeka.com/.dotnet/tools
PATH: /mnt/c/Users/petru.rebeja@cegeka.com/AppData/Local/Programs/Fiddler
PATH: /mnt/c/Users/petru.rebeja@cegeka.com/.dotnet/tools
PATH: /mnt/c/Users/petru.rebeja@cegeka.com/AppData/Roaming/npm
PATH: /snap/bin
PATH: /home/petru/.dotnet/tools


## ----------- ##
## Core tests. ##
## ----------- ##

configure:2535: checking for a BSD-compatible install
configure:2603: result: /usr/bin/install -c
configure:2614: checking whether build environment is sane
configure:2669: result: yes
configure:2818: checking for a thread-safe mkdir -p
configure:2857: result: /usr/bin/mkdir -p
configure:2864: checking for gawk
configure:2880: found /usr/bin/gawk
configure:2891: result: gawk
configure:2902: checking whether make sets $(MAKE)
configure:2924: result: yes
configure:2953: checking whether make supports nested variables
configure:2970: result: yes
configure:3149: checking for gcc
configure:3165: found /usr/bin/gcc
configure:3176: result: gcc
configure:3405: checking for C compiler version
configure:3414: gcc --version >&5
gcc (Ubuntu 9.3.0-17ubuntu1~20.04) 9.3.0
Copyright (C) 2019 Free Software Foundation, Inc.
This is free software; see the source for copying conditions.  There is NO
warranty; not even for MERCHANTABILITY or FITNESS FOR A PARTICULAR PURPOSE.

configure:3425: $? = 0
configure:3414: gcc -v >&5
Using built-in specs.
COLLECT_GCC=gcc
COLLECT_LTO_WRAPPER=/usr/lib/gcc/x86_64-linux-gnu/9/lto-wrapper
OFFLOAD_TARGET_NAMES=nvptx-none:hsa
OFFLOAD_TARGET_DEFAULT=1
Target: x86_64-linux-gnu
Configured with: ../src/configure -v --with-pkgversion='Ubuntu 9.3.0-17ubuntu1~20.04' --with-bugurl=file:///usr/share/doc/gcc-9/README.Bugs --enable-languages=c,ada,c++,go,brig,d,fortran,objc,obj-c++,gm2 --prefix=/usr --with-gcc-major-version-only --program-suffix=-9 --program-prefix=x86_64-linux-gnu- --enable-shared --enable-linker-build-id --libexecdir=/usr/lib --without-included-gettext --enable-threads=posix --libdir=/usr/lib --enable-nls --enable-clocale=gnu --enable-libstdcxx-debug --enable-libstdcxx-time=yes --with-default-libstdcxx-abi=new --enable-gnu-unique-object --disable-vtable-verify --enable-plugin --enable-default-pie --with-system-zlib --with-target-system-zlib=auto --enable-objc-gc=auto --enable-multiarch --disable-werror --with-arch-32=i686 --with-abi=m64 --with-multilib-list=m32,m64,mx32 --enable-multilib --with-tune=generic --enable-offload-targets=nvptx-none=/build/gcc-9-HskZEa/gcc-9-9.3.0/debian/tmp-nvptx/usr,hsa --without-cuda-driver --enable-checking=release --build=x86_64-linux-gnu --host=x86_64-linux-gnu --target=x86_64-linux-gnu
Thread model: posix
gcc version 9.3.0 (Ubuntu 9.3.0-17ubuntu1~20.04) 
configure:3425: $? = 0
configure:3414: gcc -V >&5
gcc: error: unrecognized command line option '-V'
gcc: fatal error: no input files
compilation terminated.
configure:3425: $? = 1
configure:3414: gcc -qversion >&5
gcc: error: unrecognized command line option '-qversion'; did you mean '--version'?
gcc: fatal error: no input files
compilation terminated.
configure:3425: $? = 1
configure:3445: checking whether the C compiler works
configure:3467: gcc    conftest.c  >&5
configure:3471: $? = 0
configure:3519: result: yes
configure:3522: checking for C compiler default output file name
configure:3524: result: a.out
configure:3530: checking for suffix of executables
configure:3537: gcc -o conftest    conftest.c  >&5
configure:3541: $? = 0
configure:3563: result: 
configure:3585: checking whether we are cross compiling
configure:3593: gcc -o conftest    conftest.c  >&5
configure:3597: $? = 0
configure:3604: ./conftest
configure:3608: $? = 0
configure:3596: result: no
configure:3601: checking for suffix of object files
configure:3623: gcc -c   conftest.c >&5
configure:3627: $? = 0
configure:3648: result: o
configure:3652: checking whether we are using the GNU C compiler
configure:3671: gcc -c   conftest.c >&5
configure:3671: $? = 0
configure:3680: result: yes
configure:3689: checking whether gcc accepts -g
configure:3709: gcc -c -g  conftest.c >&5
configure:3709: $? = 0
configure:3750: result: yes
configure:3767: checking for gcc option to accept ISO C89
configure:3830: gcc  -c -g -O2  conftest.c >&5
configure:3830: $? = 0
configure:3843: result: none needed
configure:3868: checking whether gcc understands -c and -o together
configure:3890: gcc -c conftest.c -o conftest2.o
configure:3893: $? = 0
configure:3890: gcc -c conftest.c -o conftest2.o
configure:3893: $? = 0
configure:3905: result: yes
configure:3925: checking whether make supports the include directive
configure:3940: make -f confmf.GNU && cat confinc.out
this is the am__doit target
configure:3943: $? = 0
configure:3962: result: yes (GNU style)
configure:3987: checking dependency style of gcc
configure:4098: result: gcc3
configure:4172: checking for g++
configure:4188: found /usr/bin/g++
configure:4199: result: g++
configure:4226: checking for C++ compiler version
configure:4235: g++ --version >&5
g++ (Ubuntu 9.3.0-17ubuntu1~20.04) 9.3.0
Copyright (C) 2019 Free Software Foundation, Inc.
This is free software; see the source for copying conditions.  There is NO
warranty; not even for MERCHANTABILITY or FITNESS FOR A PARTICULAR PURPOSE.

configure:4246: $? = 0
configure:4235: g++ -v >&5
Using built-in specs.
COLLECT_GCC=g++
COLLECT_LTO_WRAPPER=/usr/lib/gcc/x86_64-linux-gnu/9/lto-wrapper
OFFLOAD_TARGET_NAMES=nvptx-none:hsa
OFFLOAD_TARGET_DEFAULT=1
Target: x86_64-linux-gnu
Configured with: ../src/configure -v --with-pkgversion='Ubuntu 9.3.0-17ubuntu1~20.04' --with-bugurl=file:///usr/share/doc/gcc-9/README.Bugs --enable-languages=c,ada,c++,go,brig,d,fortran,objc,obj-c++,gm2 --prefix=/usr --with-gcc-major-version-only --program-suffix=-9 --program-prefix=x86_64-linux-gnu- --enable-shared --enable-linker-build-id --libexecdir=/usr/lib --without-included-gettext --enable-threads=posix --libdir=/usr/lib --enable-nls --enable-clocale=gnu --enable-libstdcxx-debug --enable-libstdcxx-time=yes --with-default-libstdcxx-abi=new --enable-gnu-unique-object --disable-vtable-verify --enable-plugin --enable-default-pie --with-system-zlib --with-target-system-zlib=auto --enable-objc-gc=auto --enable-multiarch --disable-werror --with-arch-32=i686 --with-abi=m64 --with-multilib-list=m32,m64,mx32 --enable-multilib --with-tune=generic --enable-offload-targets=nvptx-none=/build/gcc-9-HskZEa/gcc-9-9.3.0/debian/tmp-nvptx/usr,hsa --without-cuda-driver --enable-checking=release --build=x86_64-linux-gnu --host=x86_64-linux-gnu --target=x86_64-linux-gnu
Thread model: posix
gcc version 9.3.0 (Ubuntu 9.3.0-17ubuntu1~20.04) 
configure:4246: $? = 0
configure:4235: g++ -V >&5
g++: error: unrecognized command line option '-V'
g++: fatal error: no input files
compilation terminated.
configure:4246: $? = 1
configure:4235: g++ -qversion >&5
g++: error: unrecognized command line option '-qversion'; did you mean '--version'?
g++: fatal error: no input files
compilation terminated.
configure:4246: $? = 1
configure:4250: checking whether we are using the GNU C++ compiler
configure:4269: g++ -c   conftest.cpp >&5
configure:4269: $? = 0
configure:4278: result: yes
configure:4287: checking whether g++ accepts -g
configure:4307: g++ -c -g  conftest.cpp >&5
configure:4307: $? = 0
configure:4348: result: yes
configure:4373: checking dependency style of g++
configure:4484: result: gcc3
configure:4542: checking for ranlib
configure:4558: found /usr/bin/ranlib
configure:4569: result: ranlib
configure:4641: checking for ar
configure:4657: found /usr/bin/ar
configure:4668: result: ar
configure:4694: checking the archiver (ar) interface
configure:4710: gcc -c -g -O2  conftest.c >&5
configure:4710: $? = 0
configure:4712: ar cru libconftest.a conftest.o >&5
ar: `u' modifier ignored since `D' is the default (see `U')
configure:4715: $? = 0
configure:4714: result: ar
configure:4794: checking for pkg-config
configure:4812: found /usr/bin/pkg-config
configure:4824: result: /usr/bin/pkg-config
configure:4849: checking pkg-config is at least version 0.9.0
configure:4852: result: yes
configure:4862: checking for png
configure:4869: $PKG_CONFIG --exists --print-errors "libpng"
configure:4872: $? = 0
configure:4886: $PKG_CONFIG --exists --print-errors "libpng"
configure:4889: $? = 0
configure:4947: result: yes
configure:4953: checking for glib
configure:4960: $PKG_CONFIG --exists --print-errors "glib-2.0"
configure:4963: $? = 0
configure:4977: $PKG_CONFIG --exists --print-errors "glib-2.0"
configure:4980: $? = 0
configure:5038: result: yes
configure:5044: checking for poppler
configure:5051: $PKG_CONFIG --exists --print-errors "poppler"
configure:5054: $? = 0
configure:5068: $PKG_CONFIG --exists --print-errors "poppler"
configure:5071: $? = 0
configure:5129: result: yes
configure:5135: checking for poppler_glib
configure:5142: $PKG_CONFIG --exists --print-errors "poppler-glib >= 0.16.0"
configure:5145: $? = 0
configure:5159: $PKG_CONFIG --exists --print-errors "poppler-glib >= 0.16.0"
configure:5162: $? = 0
configure:5220: result: yes
configure:5225: $PKG_CONFIG --exists --print-errors "poppler-glib >= 0.19.4"
configure:5228: $? = 0
configure:5233: $PKG_CONFIG --exists --print-errors "poppler-glib >= 0.22"
configure:5236: $? = 0
configure:5241: $PKG_CONFIG --exists --print-errors "poppler-glib >= 0.26"
configure:5244: $? = 0
configure:5250: checking for zlib
configure:5257: $PKG_CONFIG --exists --print-errors "zlib"
configure:5260: $? = 0
configure:5274: $PKG_CONFIG --exists --print-errors "zlib"
configure:5277: $? = 0
configure:5335: result: yes
configure:5355: gcc -c -g -O2  conftest.c >&5
conftest.c:13:13: error: expected ';' before 'int'
   13 |        error
      |             ^
      |             ;
......
   16 | int
      | ~~~          
configure:5355: $? = 1
configure: failed program was:
| /* confdefs.h */
| #define PACKAGE_NAME "epdfinfo"
| #define PACKAGE_TARNAME "epdfinfo"
| #define PACKAGE_VERSION "1.0"
| #define PACKAGE_STRING "epdfinfo 1.0"
| #define PACKAGE_BUGREPORT "politza@fh-trier.de"
| #define PACKAGE_URL ""
| #define PACKAGE "epdfinfo"
| #define VERSION "1.0"
| /* end confdefs.h.  */
| 
|      #ifndef _WIN32
|        error
|      #endif
| 
| int
| main ()
| {
| 
|   ;
|   return 0;
| }
configure:5447: checking whether C++ compiler accepts -std=c++11
configure:5466: g++ -c -g -O2  -std=c++11 -I/usr/include/poppler conftest.cpp >&5
configure:5466: $? = 0
configure:5474: result: yes
configure:5492: checking how to run the C++ preprocessor
configure:5519: g++ -E -I/usr/include/poppler conftest.cpp
configure:5519: $? = 0
configure:5533: g++ -E -I/usr/include/poppler conftest.cpp
conftest.cpp:11:10: fatal error: ac_nonexistent.h: No such file or directory
   11 | #include <ac_nonexistent.h>
      |          ^~~~~~~~~~~~~~~~~~
compilation terminated.
configure:5533: $? = 1
configure: failed program was:
| /* confdefs.h */
| #define PACKAGE_NAME "epdfinfo"
| #define PACKAGE_TARNAME "epdfinfo"
| #define PACKAGE_VERSION "1.0"
| #define PACKAGE_STRING "epdfinfo 1.0"
| #define PACKAGE_BUGREPORT "politza@fh-trier.de"
| #define PACKAGE_URL ""
| #define PACKAGE "epdfinfo"
| #define VERSION "1.0"
| /* end confdefs.h.  */
| #include <ac_nonexistent.h>
configure:5558: result: g++ -E
configure:5578: g++ -E -I/usr/include/poppler conftest.cpp
configure:5578: $? = 0
configure:5592: g++ -E -I/usr/include/poppler conftest.cpp
conftest.cpp:11:10: fatal error: ac_nonexistent.h: No such file or directory
   11 | #include <ac_nonexistent.h>
      |          ^~~~~~~~~~~~~~~~~~
compilation terminated.
configure:5592: $? = 1
configure: failed program was:
| /* confdefs.h */
| #define PACKAGE_NAME "epdfinfo"
| #define PACKAGE_TARNAME "epdfinfo"
| #define PACKAGE_VERSION "1.0"
| #define PACKAGE_STRING "epdfinfo 1.0"
| #define PACKAGE_BUGREPORT "politza@fh-trier.de"
| #define PACKAGE_URL ""
| #define PACKAGE "epdfinfo"
| #define VERSION "1.0"
| /* end confdefs.h.  */
| #include <ac_nonexistent.h>
configure:5621: checking for grep that handles long lines and -e
configure:5679: result: /usr/bin/grep
configure:5684: checking for egrep
configure:5746: result: /usr/bin/grep -E
configure:5751: checking for ANSI C header files
configure:5771: g++ -c -std=c++11 -g -O2 -I/usr/include/poppler conftest.cpp >&5
configure:5771: $? = 0
configure:5844: g++ -o conftest -std=c++11 -g -O2 -I/usr/include/poppler  conftest.cpp  >&5
configure:5844: $? = 0
configure:5844: ./conftest
configure:5844: $? = 0
configure:5855: result: yes
configure:5868: checking for sys/types.h
configure:5868: g++ -c -std=c++11 -g -O2 -I/usr/include/poppler conftest.cpp >&5
configure:5868: $? = 0
configure:5868: result: yes
configure:5868: checking for sys/stat.h
configure:5868: g++ -c -std=c++11 -g -O2 -I/usr/include/poppler conftest.cpp >&5
configure:5868: $? = 0
configure:5868: result: yes
configure:5868: checking for stdlib.h
configure:5868: g++ -c -std=c++11 -g -O2 -I/usr/include/poppler conftest.cpp >&5
configure:5868: $? = 0
configure:5868: result: yes
configure:5868: checking for string.h
configure:5868: g++ -c -std=c++11 -g -O2 -I/usr/include/poppler conftest.cpp >&5
configure:5868: $? = 0
configure:5868: result: yes
configure:5868: checking for memory.h
configure:5868: g++ -c -std=c++11 -g -O2 -I/usr/include/poppler conftest.cpp >&5
configure:5868: $? = 0
configure:5868: result: yes
configure:5868: checking for strings.h
configure:5868: g++ -c -std=c++11 -g -O2 -I/usr/include/poppler conftest.cpp >&5
configure:5868: $? = 0
configure:5868: result: yes
configure:5868: checking for inttypes.h
configure:5868: g++ -c -std=c++11 -g -O2 -I/usr/include/poppler conftest.cpp >&5
configure:5868: $? = 0
configure:5868: result: yes
configure:5868: checking for stdint.h
configure:5868: g++ -c -std=c++11 -g -O2 -I/usr/include/poppler conftest.cpp >&5
configure:5868: $? = 0
configure:5868: result: yes
configure:5868: checking for unistd.h
configure:5868: g++ -c -std=c++11 -g -O2 -I/usr/include/poppler conftest.cpp >&5
configure:5868: $? = 0
configure:5868: result: yes
configure:5883: checking Annot.h usability
configure:5883: g++ -c -std=c++11 -g -O2 -I/usr/include/poppler conftest.cpp >&5
configure:5883: $? = 0
configure:5883: result: yes
configure:5883: checking Annot.h presence
configure:5883: g++ -E -I/usr/include/poppler conftest.cpp
configure:5883: $? = 0
configure:5883: result: yes
configure:5883: checking for Annot.h
configure:5883: result: yes
configure:5883: checking PDFDocEncoding.h usability
configure:5883: g++ -c -std=c++11 -g -O2 -I/usr/include/poppler conftest.cpp >&5
configure:5883: $? = 0
configure:5883: result: yes
configure:5883: checking PDFDocEncoding.h presence
configure:5883: g++ -E -I/usr/include/poppler conftest.cpp
configure:5883: $? = 0
configure:5883: result: yes
configure:5883: checking for PDFDocEncoding.h
configure:5883: result: yes
configure:5926: checking build system type
configure:5940: result: x86_64-pc-linux-gnu
configure:5960: checking host system type
configure:5973: result: x86_64-pc-linux-gnu
configure:5999: checking how to run the C preprocessor
configure:6030: gcc -E  conftest.c
configure:6030: $? = 0
configure:6044: gcc -E  conftest.c
conftest.c:26:10: fatal error: ac_nonexistent.h: No such file or directory
   26 | #include <ac_nonexistent.h>
      |          ^~~~~~~~~~~~~~~~~~
compilation terminated.
configure:6044: $? = 1
configure: failed program was:
| /* confdefs.h */
| #define PACKAGE_NAME "epdfinfo"
| #define PACKAGE_TARNAME "epdfinfo"
| #define PACKAGE_VERSION "1.0"
| #define PACKAGE_STRING "epdfinfo 1.0"
| #define PACKAGE_BUGREPORT "politza@fh-trier.de"
| #define PACKAGE_URL ""
| #define PACKAGE "epdfinfo"
| #define VERSION "1.0"
| #define STDC_HEADERS 1
| #define HAVE_SYS_TYPES_H 1
| #define HAVE_SYS_STAT_H 1
| #define HAVE_STDLIB_H 1
| #define HAVE_STRING_H 1
| #define HAVE_MEMORY_H 1
| #define HAVE_STRINGS_H 1
| #define HAVE_INTTYPES_H 1
| #define HAVE_STDINT_H 1
| #define HAVE_UNISTD_H 1
| #define HAVE_ANNOT_H 1
| #define HAVE_PDFDOCENCODING_H 1
| #define HAVE_POPPLER_FIND_OPTS 1
| #define HAVE_POPPLER_ANNOT_WRITE 1
| #define HAVE_POPPLER_ANNOT_MARKUP 1
| /* end confdefs.h.  */
| #include <ac_nonexistent.h>
configure:6069: result: gcc -E
configure:6089: gcc -E  conftest.c
configure:6089: $? = 0
configure:6103: gcc -E  conftest.c
conftest.c:26:10: fatal error: ac_nonexistent.h: No such file or directory
   26 | #include <ac_nonexistent.h>
      |          ^~~~~~~~~~~~~~~~~~
compilation terminated.
configure:6103: $? = 1
configure: failed program was:
| /* confdefs.h */
| #define PACKAGE_NAME "epdfinfo"
| #define PACKAGE_TARNAME "epdfinfo"
| #define PACKAGE_VERSION "1.0"
| #define PACKAGE_STRING "epdfinfo 1.0"
| #define PACKAGE_BUGREPORT "politza@fh-trier.de"
| #define PACKAGE_URL ""
| #define PACKAGE "epdfinfo"
| #define VERSION "1.0"
| #define STDC_HEADERS 1
| #define HAVE_SYS_TYPES_H 1
| #define HAVE_SYS_STAT_H 1
| #define HAVE_STDLIB_H 1
| #define HAVE_STRING_H 1
| #define HAVE_MEMORY_H 1
| #define HAVE_STRINGS_H 1
| #define HAVE_INTTYPES_H 1
| #define HAVE_STDINT_H 1
| #define HAVE_UNISTD_H 1
| #define HAVE_ANNOT_H 1
| #define HAVE_PDFDOCENCODING_H 1
| #define HAVE_POPPLER_FIND_OPTS 1
| #define HAVE_POPPLER_ANNOT_WRITE 1
| #define HAVE_POPPLER_ANNOT_MARKUP 1
| /* end confdefs.h.  */
| #include <ac_nonexistent.h>
configure:6135: checking for stdlib.h
configure:6135: result: yes
configure:6135: checking for string.h
configure:6135: result: yes
configure:6135: checking for strings.h
configure:6135: result: yes
configure:6135: checking err.h usability
configure:6135: gcc -c -g -O2  conftest.c >&5
configure:6135: $? = 0
configure:6135: result: yes
configure:6135: checking err.h presence
configure:6135: gcc -E  conftest.c
configure:6135: $? = 0
configure:6135: result: yes
configure:6135: checking for err.h
configure:6135: result: yes
configure:6146: checking for error.h
configure:6169: gcc -c -I/usr/include/poppler -I/usr/include/poppler/glib -I/usr/include/poppler -I/usr/include/cairo -I/usr/include/glib-2.0 -I/usr/lib/x86_64-linux-gnu/glib-2.0/include -I/usr/include/pixman-1 -I/usr/include/uuid -I/usr/include/freetype2 -I/usr/include/libpng16  conftest.c >&5
conftest.c: In function 'main':
conftest.c:36:14: warning: zero-length gnu_printf format string [-Wformat-zero-length]
   36 | error (0, 0, "");
      |              ^~
configure:6169: $? = 0
configure:6173: result: yes
configure:6189: checking for size_t
configure:6189: gcc -c -g -O2  conftest.c >&5
configure:6189: $? = 0
configure:6189: gcc -c -g -O2  conftest.c >&5
conftest.c: In function 'main':
conftest.c:67:21: error: expected expression before ')' token
   67 | if (sizeof ((size_t)))
      |                     ^
configure:6189: $? = 1
configure: failed program was:
| /* confdefs.h */
| #define PACKAGE_NAME "epdfinfo"
| #define PACKAGE_TARNAME "epdfinfo"
| #define PACKAGE_VERSION "1.0"
| #define PACKAGE_STRING "epdfinfo 1.0"
| #define PACKAGE_BUGREPORT "politza@fh-trier.de"
| #define PACKAGE_URL ""
| #define PACKAGE "epdfinfo"
| #define VERSION "1.0"
| #define STDC_HEADERS 1
| #define HAVE_SYS_TYPES_H 1
| #define HAVE_SYS_STAT_H 1
| #define HAVE_STDLIB_H 1
| #define HAVE_STRING_H 1
| #define HAVE_MEMORY_H 1
| #define HAVE_STRINGS_H 1
| #define HAVE_INTTYPES_H 1
| #define HAVE_STDINT_H 1
| #define HAVE_UNISTD_H 1
| #define HAVE_ANNOT_H 1
| #define HAVE_PDFDOCENCODING_H 1
| #define HAVE_POPPLER_FIND_OPTS 1
| #define HAVE_POPPLER_ANNOT_WRITE 1
| #define HAVE_POPPLER_ANNOT_MARKUP 1
| #define HAVE_STDLIB_H 1
| #define HAVE_STRING_H 1
| #define HAVE_STRINGS_H 1
| #define HAVE_ERR_H 1
| #define HAVE_ERROR_H 1
| /* end confdefs.h.  */
| #include <stdio.h>
| #ifdef HAVE_SYS_TYPES_H
| # include <sys/types.h>
| #endif
| #ifdef HAVE_SYS_STAT_H
| # include <sys/stat.h>
| #endif
| #ifdef STDC_HEADERS
| # include <stdlib.h>
| # include <stddef.h>
| #else
| # ifdef HAVE_STDLIB_H
| #  include <stdlib.h>
| # endif
| #endif
| #ifdef HAVE_STRING_H
| # if !defined STDC_HEADERS && defined HAVE_MEMORY_H
| #  include <memory.h>
| # endif
| # include <string.h>
| #endif
| #ifdef HAVE_STRINGS_H
| # include <strings.h>
| #endif
| #ifdef HAVE_INTTYPES_H
| # include <inttypes.h>
| #endif
| #ifdef HAVE_STDINT_H
| # include <stdint.h>
| #endif
| #ifdef HAVE_UNISTD_H
| # include <unistd.h>
| #endif
| int
| main ()
| {
| if (sizeof ((size_t)))
| 	    return 0;
|   ;
|   return 0;
| }
configure:6189: result: yes
configure:6200: checking for ssize_t
configure:6200: gcc -c -g -O2  conftest.c >&5
configure:6200: $? = 0
configure:6200: gcc -c -g -O2  conftest.c >&5
conftest.c: In function 'main':
conftest.c:67:22: error: expected expression before ')' token
   67 | if (sizeof ((ssize_t)))
      |                      ^
configure:6200: $? = 1
configure: failed program was:
| /* confdefs.h */
| #define PACKAGE_NAME "epdfinfo"
| #define PACKAGE_TARNAME "epdfinfo"
| #define PACKAGE_VERSION "1.0"
| #define PACKAGE_STRING "epdfinfo 1.0"
| #define PACKAGE_BUGREPORT "politza@fh-trier.de"
| #define PACKAGE_URL ""
| #define PACKAGE "epdfinfo"
| #define VERSION "1.0"
| #define STDC_HEADERS 1
| #define HAVE_SYS_TYPES_H 1
| #define HAVE_SYS_STAT_H 1
| #define HAVE_STDLIB_H 1
| #define HAVE_STRING_H 1
| #define HAVE_MEMORY_H 1
| #define HAVE_STRINGS_H 1
| #define HAVE_INTTYPES_H 1
| #define HAVE_STDINT_H 1
| #define HAVE_UNISTD_H 1
| #define HAVE_ANNOT_H 1
| #define HAVE_PDFDOCENCODING_H 1
| #define HAVE_POPPLER_FIND_OPTS 1
| #define HAVE_POPPLER_ANNOT_WRITE 1
| #define HAVE_POPPLER_ANNOT_MARKUP 1
| #define HAVE_STDLIB_H 1
| #define HAVE_STRING_H 1
| #define HAVE_STRINGS_H 1
| #define HAVE_ERR_H 1
| #define HAVE_ERROR_H 1
| /* end confdefs.h.  */
| #include <stdio.h>
| #ifdef HAVE_SYS_TYPES_H
| # include <sys/types.h>
| #endif
| #ifdef HAVE_SYS_STAT_H
| # include <sys/stat.h>
| #endif
| #ifdef STDC_HEADERS
| # include <stdlib.h>
| # include <stddef.h>
| #else
| # ifdef HAVE_STDLIB_H
| #  include <stdlib.h>
| # endif
| #endif
| #ifdef HAVE_STRING_H
| # if !defined STDC_HEADERS && defined HAVE_MEMORY_H
| #  include <memory.h>
| # endif
| # include <string.h>
| #endif
| #ifdef HAVE_STRINGS_H
| # include <strings.h>
| #endif
| #ifdef HAVE_INTTYPES_H
| # include <inttypes.h>
| #endif
| #ifdef HAVE_STDINT_H
| # include <stdint.h>
| #endif
| #ifdef HAVE_UNISTD_H
| # include <unistd.h>
| #endif
| int
| main ()
| {
| if (sizeof ((ssize_t)))
| 	    return 0;
|   ;
|   return 0;
| }
configure:6200: result: yes
configure:6211: checking for ptrdiff_t
configure:6211: gcc -c -g -O2  conftest.c >&5
configure:6211: $? = 0
configure:6211: gcc -c -g -O2  conftest.c >&5
conftest.c: In function 'main':
conftest.c:67:24: error: expected expression before ')' token
   67 | if (sizeof ((ptrdiff_t)))
      |                        ^
configure:6211: $? = 1
configure: failed program was:
| /* confdefs.h */
| #define PACKAGE_NAME "epdfinfo"
| #define PACKAGE_TARNAME "epdfinfo"
| #define PACKAGE_VERSION "1.0"
| #define PACKAGE_STRING "epdfinfo 1.0"
| #define PACKAGE_BUGREPORT "politza@fh-trier.de"
| #define PACKAGE_URL ""
| #define PACKAGE "epdfinfo"
| #define VERSION "1.0"
| #define STDC_HEADERS 1
| #define HAVE_SYS_TYPES_H 1
| #define HAVE_SYS_STAT_H 1
| #define HAVE_STDLIB_H 1
| #define HAVE_STRING_H 1
| #define HAVE_MEMORY_H 1
| #define HAVE_STRINGS_H 1
| #define HAVE_INTTYPES_H 1
| #define HAVE_STDINT_H 1
| #define HAVE_UNISTD_H 1
| #define HAVE_ANNOT_H 1
| #define HAVE_PDFDOCENCODING_H 1
| #define HAVE_POPPLER_FIND_OPTS 1
| #define HAVE_POPPLER_ANNOT_WRITE 1
| #define HAVE_POPPLER_ANNOT_MARKUP 1
| #define HAVE_STDLIB_H 1
| #define HAVE_STRING_H 1
| #define HAVE_STRINGS_H 1
| #define HAVE_ERR_H 1
| #define HAVE_ERROR_H 1
| /* end confdefs.h.  */
| #include <stdio.h>
| #ifdef HAVE_SYS_TYPES_H
| # include <sys/types.h>
| #endif
| #ifdef HAVE_SYS_STAT_H
| # include <sys/stat.h>
| #endif
| #ifdef STDC_HEADERS
| # include <stdlib.h>
| # include <stddef.h>
| #else
| # ifdef HAVE_STDLIB_H
| #  include <stdlib.h>
| # endif
| #endif
| #ifdef HAVE_STRING_H
| # if !defined STDC_HEADERS && defined HAVE_MEMORY_H
| #  include <memory.h>
| # endif
| # include <string.h>
| #endif
| #ifdef HAVE_STRINGS_H
| # include <strings.h>
| #endif
| #ifdef HAVE_INTTYPES_H
| # include <inttypes.h>
| #endif
| #ifdef HAVE_STDINT_H
| # include <stdint.h>
| #endif
| #ifdef HAVE_UNISTD_H
| # include <unistd.h>
| #endif
| int
| main ()
| {
| if (sizeof ((ptrdiff_t)))
| 	    return 0;
|   ;
|   return 0;
| }
configure:6211: result: yes
configure:6221: checking whether byte ordering is bigendian
configure:6236: gcc -c -g -O2  conftest.c >&5
conftest.c:33:9: error: unknown type name 'not'
   33 |         not a universal capable compiler
      |         ^~~
conftest.c:33:15: error: expected '=', ',', ';', 'asm' or '__attribute__' before 'universal'
   33 |         not a universal capable compiler
      |               ^~~~~~~~~
conftest.c:33:15: error: unknown type name 'universal'
configure:6236: $? = 1
configure: failed program was:
| /* confdefs.h */
| #define PACKAGE_NAME "epdfinfo"
| #define PACKAGE_TARNAME "epdfinfo"
| #define PACKAGE_VERSION "1.0"
| #define PACKAGE_STRING "epdfinfo 1.0"
| #define PACKAGE_BUGREPORT "politza@fh-trier.de"
| #define PACKAGE_URL ""
| #define PACKAGE "epdfinfo"
| #define VERSION "1.0"
| #define STDC_HEADERS 1
| #define HAVE_SYS_TYPES_H 1
| #define HAVE_SYS_STAT_H 1
| #define HAVE_STDLIB_H 1
| #define HAVE_STRING_H 1
| #define HAVE_MEMORY_H 1
| #define HAVE_STRINGS_H 1
| #define HAVE_INTTYPES_H 1
| #define HAVE_STDINT_H 1
| #define HAVE_UNISTD_H 1
| #define HAVE_ANNOT_H 1
| #define HAVE_PDFDOCENCODING_H 1
| #define HAVE_POPPLER_FIND_OPTS 1
| #define HAVE_POPPLER_ANNOT_WRITE 1
| #define HAVE_POPPLER_ANNOT_MARKUP 1
| #define HAVE_STDLIB_H 1
| #define HAVE_STRING_H 1
| #define HAVE_STRINGS_H 1
| #define HAVE_ERR_H 1
| #define HAVE_ERROR_H 1
| #define HAVE_PTRDIFF_T 1
| /* end confdefs.h.  */
| #ifndef __APPLE_CC__
| 	       not a universal capable compiler
| 	     #endif
| 	     typedef int dummy;
| 
configure:6281: gcc -c -g -O2  conftest.c >&5
configure:6281: $? = 0
configure:6299: gcc -c -g -O2  conftest.c >&5
conftest.c: In function 'main':
conftest.c:39:4: error: unknown type name 'not'; did you mean 'ino_t'?
   39 |    not big endian
      |    ^~~
      |    ino_t
conftest.c:39:12: error: expected '=', ',', ';', 'asm' or '__attribute__' before 'endian'
   39 |    not big endian
      |            ^~~~~~
configure:6299: $? = 1
configure: failed program was:
| /* confdefs.h */
| #define PACKAGE_NAME "epdfinfo"
| #define PACKAGE_TARNAME "epdfinfo"
| #define PACKAGE_VERSION "1.0"
| #define PACKAGE_STRING "epdfinfo 1.0"
| #define PACKAGE_BUGREPORT "politza@fh-trier.de"
| #define PACKAGE_URL ""
| #define PACKAGE "epdfinfo"
| #define VERSION "1.0"
| #define STDC_HEADERS 1
| #define HAVE_SYS_TYPES_H 1
| #define HAVE_SYS_STAT_H 1
| #define HAVE_STDLIB_H 1
| #define HAVE_STRING_H 1
| #define HAVE_MEMORY_H 1
| #define HAVE_STRINGS_H 1
| #define HAVE_INTTYPES_H 1
| #define HAVE_STDINT_H 1
| #define HAVE_UNISTD_H 1
| #define HAVE_ANNOT_H 1
| #define HAVE_PDFDOCENCODING_H 1
| #define HAVE_POPPLER_FIND_OPTS 1
| #define HAVE_POPPLER_ANNOT_WRITE 1
| #define HAVE_POPPLER_ANNOT_MARKUP 1
| #define HAVE_STDLIB_H 1
| #define HAVE_STRING_H 1
| #define HAVE_STRINGS_H 1
| #define HAVE_ERR_H 1
| #define HAVE_ERROR_H 1
| #define HAVE_PTRDIFF_T 1
| /* end confdefs.h.  */
| #include <sys/types.h>
| 		#include <sys/param.h>
| 
| int
| main ()
| {
| #if BYTE_ORDER != BIG_ENDIAN
| 		 not big endian
| 		#endif
| 
|   ;
|   return 0;
| }
configure:6427: result: no
configure:6447: checking for error_at_line
configure:6463: gcc -o conftest -g -O2   conftest.c  >&5
configure:6463: $? = 0
configure:6471: result: yes
configure:6482: checking for working strtod
configure:6523: gcc -o conftest -g -O2   conftest.c  >&5
configure:6523: $? = 0
configure:6523: ./conftest
configure:6523: $? = 0
configure:6533: result: yes
configure:6598: checking for strcspn
configure:6598: gcc -o conftest -g -O2   conftest.c  >&5
conftest.c:55:6: warning: conflicting types for built-in function 'strcspn'; expected 'long unsigned int(const char *, const char *)' [-Wbuiltin-declaration-mismatch]
   55 | char strcspn ();
      |      ^~~~~~~
conftest.c:43:1: note: 'strcspn' is declared in header '<string.h>'
   42 | # include <limits.h>
   43 | #else
configure:6598: $? = 0
configure:6598: result: yes
configure:6598: checking for strtol
configure:6598: gcc -o conftest -g -O2   conftest.c  >&5
configure:6598: $? = 0
configure:6598: result: yes
configure:6598: checking for getline
configure:6598: gcc -o conftest -g -O2   conftest.c  >&5
configure:6598: $? = 0
configure:6598: result: yes
configure:6711: checking that generated files are newer than configure
configure:6717: result: done
configure:6749: creating ./config.status

## ---------------------- ##
## Running config.status. ##
## ---------------------- ##

This file was extended by epdfinfo config.status 1.0, which was
generated by GNU Autoconf 2.69.  Invocation command line was

  CONFIG_FILES    = 
  CONFIG_HEADERS  = 
  CONFIG_LINKS    = 
  CONFIG_COMMANDS = 
  $ ./config.status --quiet

on CI00081665

config.status:898: creating Makefile
config.status:898: creating config.h
config.status:1127: executing depfiles commands
config.status:1204: cd .       && sed -e '/# am--include-marker/d' Makefile         | make -f - am--depfiles
config.status:1209: $? = 0

## ---------------- ##
## Cache variables. ##
## ---------------- ##

ac_cv_build=x86_64-pc-linux-gnu
ac_cv_c_bigendian=no
ac_cv_c_compiler_gnu=yes
ac_cv_cxx_compiler_gnu=yes
ac_cv_env_CCC_set=
ac_cv_env_CCC_value=
ac_cv_env_CC_set=
ac_cv_env_CC_value=
ac_cv_env_CFLAGS_set=
ac_cv_env_CFLAGS_value=
ac_cv_env_CPPFLAGS_set=
ac_cv_env_CPPFLAGS_value=
ac_cv_env_CPP_set=
ac_cv_env_CPP_value=
ac_cv_env_CXXCPP_set=
ac_cv_env_CXXCPP_value=
ac_cv_env_CXXFLAGS_set=
ac_cv_env_CXXFLAGS_value=
ac_cv_env_CXX_set=
ac_cv_env_CXX_value=
ac_cv_env_LDFLAGS_set=
ac_cv_env_LDFLAGS_value=
ac_cv_env_LIBS_set=
ac_cv_env_LIBS_value=
ac_cv_env_PKG_CONFIG_LIBDIR_set=
ac_cv_env_PKG_CONFIG_LIBDIR_value=
ac_cv_env_PKG_CONFIG_PATH_set=
ac_cv_env_PKG_CONFIG_PATH_value=
ac_cv_env_PKG_CONFIG_set=
ac_cv_env_PKG_CONFIG_value=
ac_cv_env_build_alias_set=
ac_cv_env_build_alias_value=
ac_cv_env_glib_CFLAGS_set=
ac_cv_env_glib_CFLAGS_value=
ac_cv_env_glib_LIBS_set=
ac_cv_env_glib_LIBS_value=
ac_cv_env_host_alias_set=
ac_cv_env_host_alias_value=
ac_cv_env_png_CFLAGS_set=
ac_cv_env_png_CFLAGS_value=
ac_cv_env_png_LIBS_set=
ac_cv_env_png_LIBS_value=
ac_cv_env_poppler_CFLAGS_set=
ac_cv_env_poppler_CFLAGS_value=
ac_cv_env_poppler_LIBS_set=
ac_cv_env_poppler_LIBS_value=
ac_cv_env_poppler_glib_CFLAGS_set=
ac_cv_env_poppler_glib_CFLAGS_value=
ac_cv_env_poppler_glib_LIBS_set=
ac_cv_env_poppler_glib_LIBS_value=
ac_cv_env_target_alias_set=
ac_cv_env_target_alias_value=
ac_cv_env_zlib_CFLAGS_set=
ac_cv_env_zlib_CFLAGS_value=
ac_cv_env_zlib_LIBS_set=
ac_cv_env_zlib_LIBS_value=
ac_cv_func_getline=yes
ac_cv_func_strcspn=yes
ac_cv_func_strtod=yes
ac_cv_func_strtol=yes
ac_cv_header_Annot_h=yes
ac_cv_header_PDFDocEncoding_h=yes
ac_cv_header_err_h=yes
ac_cv_header_inttypes_h=yes
ac_cv_header_memory_h=yes
ac_cv_header_stdc=yes
ac_cv_header_stdint_h=yes
ac_cv_header_stdlib_h=yes
ac_cv_header_string_h=yes
ac_cv_header_strings_h=yes
ac_cv_header_sys_stat_h=yes
ac_cv_header_sys_types_h=yes
ac_cv_header_unistd_h=yes
ac_cv_host=x86_64-pc-linux-gnu
ac_cv_lib_error_at_line=yes
ac_cv_objext=o
ac_cv_path_EGREP='/usr/bin/grep -E'
ac_cv_path_GREP=/usr/bin/grep
ac_cv_path_ac_pt_PKG_CONFIG=/usr/bin/pkg-config
ac_cv_path_install='/usr/bin/install -c'
ac_cv_path_mkdir=/usr/bin/mkdir
ac_cv_prog_AWK=gawk
ac_cv_prog_CPP='gcc -E'
ac_cv_prog_CXXCPP='g++ -E'
ac_cv_prog_ac_ct_AR=ar
ac_cv_prog_ac_ct_CC=gcc
ac_cv_prog_ac_ct_CXX=g++
ac_cv_prog_ac_ct_RANLIB=ranlib
ac_cv_prog_cc_c89=
ac_cv_prog_cc_g=yes
ac_cv_prog_cxx_g=yes
ac_cv_prog_make_make_set=yes
ac_cv_type_ptrdiff_t=yes
ac_cv_type_size_t=yes
ac_cv_type_ssize_t=yes
am_cv_CC_dependencies_compiler_type=gcc3
am_cv_CXX_dependencies_compiler_type=gcc3
am_cv_ar_interface=ar
am_cv_make_support_nested_variables=yes
am_cv_prog_cc_c_o=yes
ax_cv_check_cxxflags___std_cpp11=yes
pkg_cv_glib_CFLAGS='-I/usr/include/glib-2.0 -I/usr/lib/x86_64-linux-gnu/glib-2.0/include'
pkg_cv_glib_LIBS=-lglib-2.0
pkg_cv_png_CFLAGS=-I/usr/include/libpng16
pkg_cv_png_LIBS='-lpng16 -lz'
pkg_cv_poppler_CFLAGS=-I/usr/include/poppler
pkg_cv_poppler_LIBS=-lpoppler
pkg_cv_poppler_glib_CFLAGS='-I/usr/include/poppler/glib -I/usr/include/poppler -I/usr/include/cairo -I/usr/include/glib-2.0 -I/usr/lib/x86_64-linux-gnu/glib-2.0/include -I/usr/include/pixman-1 -I/usr/include/uuid -I/usr/include/freetype2 -I/usr/include/libpng16'
pkg_cv_poppler_glib_LIBS='-lpoppler-glib -lgobject-2.0 -lglib-2.0 -lcairo'
pkg_cv_zlib_CFLAGS=
pkg_cv_zlib_LIBS=-lz

## ----------------- ##
## Output variables. ##
## ----------------- ##

ACLOCAL='${SHELL} /home/petru/.emacs.d/elpa/pdf-tools-20220107.1241/build/server/missing aclocal-1.16'
AMDEPBACKSLASH='\'
AMDEP_FALSE='#'
AMDEP_TRUE=''
AMTAR='$${TAR-tar}'
AM_BACKSLASH='\'
AM_DEFAULT_V='$(AM_DEFAULT_VERBOSITY)'
AM_DEFAULT_VERBOSITY='1'
AM_V='$(V)'
AR='ar'
AUTOCONF='${SHELL} /home/petru/.emacs.d/elpa/pdf-tools-20220107.1241/build/server/missing autoconf'
AUTOHEADER='${SHELL} /home/petru/.emacs.d/elpa/pdf-tools-20220107.1241/build/server/missing autoheader'
AUTOMAKE='${SHELL} /home/petru/.emacs.d/elpa/pdf-tools-20220107.1241/build/server/missing automake-1.16'
AWK='gawk'
CC='gcc'
CCDEPMODE='depmode=gcc3'
CFLAGS='-g -O2'
CPP='gcc -E'
CPPFLAGS=''
CXX='g++'
CXXCPP='g++ -E'
CXXDEPMODE='depmode=gcc3'
CXXFLAGS='-std=c++11 -g -O2'
CYGPATH_W='echo'
DEFS='-DHAVE_CONFIG_H'
DEPDIR='.deps'
ECHO_C=''
ECHO_N='-n'
ECHO_T=''
EGREP='/usr/bin/grep -E'
EXEEXT=''
GREP='/usr/bin/grep'
HAVE_W32_FALSE=''
HAVE_W32_TRUE='#'
INSTALL_DATA='${INSTALL} -m 644'
INSTALL_PROGRAM='${INSTALL}'
INSTALL_SCRIPT='${INSTALL}'
INSTALL_STRIP_PROGRAM='$(install_sh) -c -s'
LDFLAGS=''
LIBOBJS=''
LIBS=''
LTLIBOBJS=''
MAKEINFO='${SHELL} /home/petru/.emacs.d/elpa/pdf-tools-20220107.1241/build/server/missing makeinfo'
MKDIR_P='/usr/bin/mkdir -p'
OBJEXT='o'
PACKAGE='epdfinfo'
PACKAGE_BUGREPORT='politza@fh-trier.de'
PACKAGE_NAME='epdfinfo'
PACKAGE_STRING='epdfinfo 1.0'
PACKAGE_TARNAME='epdfinfo'
PACKAGE_URL=''
PACKAGE_VERSION='1.0'
PATH_SEPARATOR=':'
PKG_CONFIG='/usr/bin/pkg-config'
PKG_CONFIG_LIBDIR=''
PKG_CONFIG_PATH=''
POW_LIB=''
RANLIB='ranlib'
SET_MAKE=''
SHELL='/bin/bash'
STRIP=''
VERSION='1.0'
ac_ct_AR='ar'
ac_ct_CC='gcc'
ac_ct_CXX='g++'
am__EXEEXT_FALSE=''
am__EXEEXT_TRUE='#'
am__fastdepCC_FALSE='#'
am__fastdepCC_TRUE=''
am__fastdepCXX_FALSE='#'
am__fastdepCXX_TRUE=''
am__include='include'
am__isrc=''
am__leading_dot='.'
am__nodep='_no'
am__quote=''
am__tar='$${TAR-tar} chof - "$$tardir"'
am__untar='$${TAR-tar} xf -'
bindir='/home/petru/.emacs.d/elpa/pdf-tools-20220107.1241'
build='x86_64-pc-linux-gnu'
build_alias=''
build_cpu='x86_64'
build_os='linux-gnu'
build_vendor='pc'
datadir='${datarootdir}'
datarootdir='${prefix}/share'
docdir='${datarootdir}/doc/${PACKAGE_TARNAME}'
dvidir='${docdir}'
exec_prefix='${prefix}'
glib_CFLAGS='-I/usr/include/glib-2.0 -I/usr/lib/x86_64-linux-gnu/glib-2.0/include'
glib_LIBS='-lglib-2.0'
host='x86_64-pc-linux-gnu'
host_alias=''
host_cpu='x86_64'
host_os='linux-gnu'
host_vendor='pc'
htmldir='${docdir}'
includedir='${prefix}/include'
infodir='${datarootdir}/info'
install_sh='${SHELL} /home/petru/.emacs.d/elpa/pdf-tools-20220107.1241/build/server/install-sh'
libdir='${exec_prefix}/lib'
libexecdir='${exec_prefix}/libexec'
localedir='${datarootdir}/locale'
localstatedir='${prefix}/var'
mandir='${datarootdir}/man'
mkdir_p='$(MKDIR_P)'
oldincludedir='/usr/include'
pdfdir='${docdir}'
png_CFLAGS='-I/usr/include/libpng16'
png_LIBS='-lpng16 -lz'
poppler_CFLAGS='-I/usr/include/poppler'
poppler_LIBS='-lpoppler'
poppler_glib_CFLAGS='-I/usr/include/poppler/glib -I/usr/include/poppler -I/usr/include/cairo -I/usr/include/glib-2.0 -I/usr/lib/x86_64-linux-gnu/glib-2.0/include -I/usr/include/pixman-1 -I/usr/include/uuid -I/usr/include/freetype2 -I/usr/include/libpng16'
poppler_glib_LIBS='-lpoppler-glib -lgobject-2.0 -lglib-2.0 -lcairo'
prefix='/usr/local'
program_transform_name='s,x,x,'
psdir='${docdir}'
runstatedir='${localstatedir}/run'
sbindir='${exec_prefix}/sbin'
sharedstatedir='${prefix}/com'
sysconfdir='${prefix}/etc'
target_alias=''
zlib_CFLAGS=''
zlib_LIBS='-lz'

## ----------- ##
## confdefs.h. ##
## ----------- ##

/* confdefs.h */
#define PACKAGE_NAME "epdfinfo"
#define PACKAGE_TARNAME "epdfinfo"
#define PACKAGE_VERSION "1.0"
#define PACKAGE_STRING "epdfinfo 1.0"
#define PACKAGE_BUGREPORT "politza@fh-trier.de"
#define PACKAGE_URL ""
#define PACKAGE "epdfinfo"
#define VERSION "1.0"
#define STDC_HEADERS 1
#define HAVE_SYS_TYPES_H 1
#define HAVE_SYS_STAT_H 1
#define HAVE_STDLIB_H 1
#define HAVE_STRING_H 1
#define HAVE_MEMORY_H 1
#define HAVE_STRINGS_H 1
#define HAVE_INTTYPES_H 1
#define HAVE_STDINT_H 1
#define HAVE_UNISTD_H 1
#define HAVE_ANNOT_H 1
#define HAVE_PDFDOCENCODING_H 1
#define HAVE_POPPLER_FIND_OPTS 1
#define HAVE_POPPLER_ANNOT_WRITE 1
#define HAVE_POPPLER_ANNOT_MARKUP 1
#define HAVE_STDLIB_H 1
#define HAVE_STRING_H 1
#define HAVE_STRINGS_H 1
#define HAVE_ERR_H 1
#define HAVE_ERROR_H 1
#define HAVE_PTRDIFF_T 1
#define HAVE_STRCSPN 1
#define HAVE_STRTOL 1
#define HAVE_GETLINE 1

configure: exit 0
